2025-07-08 10:56:54,702 [BMW] INFO: Started process pid=53237
2025-07-08 10:56:54,702 [BMW] INFO: Waiting for browser init…
2025-07-08 10:57:36,781 [BMW] INFO: Динамическое число страниц: 72
2025-07-08 10:57:37,314 [BMW] INFO: Запрос страницы 1/72
2025-07-08 10:57:37,719 [BMW] INFO: Browser init done — sleeping 120s before next
2025-07-08 10:57:39,978 [BMW] INFO: Страница 1: найдено 100 лотов
2025-07-08 10:57:39,980 [BMW] INFO: Сохранено 100 лотов → JSONs/BMW_lots.json
2025-07-08 10:57:42,680 [BMW] INFO: Запрос страницы 2/72
2025-07-08 10:57:44,160 [BMW] INFO: Страница 2: найдено 100 лотов
2025-07-08 10:57:44,164 [BMW] INFO: Сохранено 200 лотов → JSONs/BMW_lots.json
2025-07-08 10:57:48,289 [BMW] INFO: Запрос страницы 3/72
2025-07-08 10:57:49,689 [BMW] INFO: Страница 3: найдено 100 лотов
2025-07-08 10:57:49,695 [BMW] INFO: Сохранено 300 лотов → JSONs/BMW_lots.json
2025-07-08 10:57:53,388 [BMW] INFO: Запрос страницы 4/72
2025-07-08 10:57:54,880 [BMW] INFO: Страница 4: найдено 100 лотов
2025-07-08 10:57:54,887 [BMW] INFO: Сохранено 400 лотов → JSONs/BMW_lots.json
2025-07-08 10:57:59,027 [BMW] INFO: Запрос страницы 5/72
2025-07-08 10:58:00,403 [BMW] INFO: Страница 5: найдено 100 лотов
2025-07-08 10:58:00,411 [BMW] INFO: Сохранено 500 лотов → JSONs/BMW_lots.json
2025-07-08 10:58:03,010 [BMW] INFO: Запрос страницы 6/72
2025-07-08 10:58:04,508 [BMW] INFO: Страница 6: найдено 100 лотов
2025-07-08 10:58:04,518 [BMW] INFO: Сохранено 600 лотов → JSONs/BMW_lots.json
2025-07-08 10:58:08,819 [BMW] INFO: Запрос страницы 7/72
2025-07-08 10:58:11,604 [BMW] INFO: Страница 7: найдено 100 лотов
2025-07-08 10:58:11,617 [BMW] INFO: Сохранено 700 лотов → JSONs/BMW_lots.json
2025-07-08 10:58:16,534 [BMW] INFO: Запрос страницы 8/72
2025-07-08 10:58:19,263 [BMW] INFO: Страница 8: найдено 100 лотов
2025-07-08 10:58:19,276 [BMW] INFO: Сохранено 800 лотов → JSONs/BMW_lots.json
2025-07-08 10:58:22,571 [BMW] INFO: Запрос страницы 9/72
2025-07-08 10:58:24,135 [BMW] INFO: Страница 9: найдено 100 лотов
2025-07-08 10:58:24,150 [BMW] INFO: Сохранено 900 лотов → JSONs/BMW_lots.json
2025-07-08 10:58:29,017 [BMW] INFO: Запрос страницы 10/72
2025-07-08 10:58:32,004 [BMW] INFO: Страница 10: найдено 100 лотов
2025-07-08 10:58:32,023 [BMW] INFO: Сохранено 1000 лотов → JSONs/BMW_lots.json
2025-07-08 10:58:36,495 [BMW] INFO: Запрос страницы 11/72
2025-07-08 10:58:39,419 [BMW] INFO: Страница 11: найдено 100 лотов
2025-07-08 10:58:39,436 [BMW] INFO: Сохранено 1100 лотов → JSONs/BMW_lots.json
2025-07-08 10:58:41,542 [BMW] INFO: Запрос страницы 12/72
2025-07-08 10:58:43,305 [BMW] INFO: Страница 12: найдено 100 лотов
2025-07-08 10:58:43,325 [BMW] INFO: Сохранено 1200 лотов → JSONs/BMW_lots.json
2025-07-08 10:58:45,642 [BMW] INFO: Запрос страницы 13/72
2025-07-08 10:58:47,900 [BMW] INFO: Страница 13: найдено 100 лотов
2025-07-08 10:58:47,981 [BMW] INFO: Сохранено 1300 лотов → JSONs/BMW_lots.json
2025-07-08 10:58:51,382 [BMW] INFO: Запрос страницы 14/72
2025-07-08 10:58:54,714 [BMW] INFO: Страница 14: найдено 100 лотов
2025-07-08 10:58:54,739 [BMW] INFO: Сохранено 1400 лотов → JSONs/BMW_lots.json
2025-07-08 10:58:59,115 [BMW] INFO: Запрос страницы 15/72
2025-07-08 10:59:01,713 [BMW] INFO: Страница 15: найдено 100 лотов
2025-07-08 10:59:01,738 [BMW] INFO: Сохранено 1500 лотов → JSONs/BMW_lots.json
2025-07-08 10:59:04,459 [BMW] INFO: Запрос страницы 16/72
2025-07-08 10:59:06,126 [BMW] INFO: Страница 16: найдено 100 лотов
2025-07-08 10:59:06,152 [BMW] INFO: Сохранено 1600 лотов → JSONs/BMW_lots.json
2025-07-08 10:59:09,513 [BMW] INFO: Запрос страницы 17/72
2025-07-08 10:59:11,654 [BMW] INFO: Страница 17: найдено 100 лотов
2025-07-08 10:59:11,710 [BMW] INFO: Сохранено 1700 лотов → JSONs/BMW_lots.json
2025-07-08 10:59:14,315 [BMW] INFO: Запрос страницы 18/72
2025-07-08 10:59:16,234 [BMW] INFO: Страница 18: найдено 100 лотов
2025-07-08 10:59:16,277 [BMW] INFO: Сохранено 1800 лотов → JSONs/BMW_lots.json
2025-07-08 10:59:19,671 [BMW] INFO: Запрос страницы 19/72
2025-07-08 10:59:22,484 [BMW] INFO: Страница 19: найдено 100 лотов
2025-07-08 10:59:22,515 [BMW] INFO: Сохранено 1900 лотов → JSONs/BMW_lots.json
2025-07-08 10:59:26,670 [BMW] INFO: Запрос страницы 20/72
2025-07-08 10:59:29,309 [BMW] INFO: Страница 20: найдено 100 лотов
2025-07-08 10:59:29,339 [BMW] INFO: Сохранено 2000 лотов → JSONs/BMW_lots.json
2025-07-08 10:59:31,522 [BMW] INFO: Запрос страницы 21/72
2025-07-08 10:59:33,174 [BMW] INFO: Страница 21: найдено 100 лотов
2025-07-08 10:59:33,213 [BMW] INFO: Сохранено 2100 лотов → JSONs/BMW_lots.json
2025-07-08 10:59:35,797 [BMW] INFO: Запрос страницы 22/72
2025-07-08 10:59:37,137 [BMW] INFO: Страница 22: найдено 100 лотов
2025-07-08 10:59:37,171 [BMW] INFO: Сохранено 2200 лотов → JSONs/BMW_lots.json
2025-07-08 10:59:40,875 [BMW] INFO: Запрос страницы 23/72
2025-07-08 10:59:42,560 [BMW] INFO: Страница 23: найдено 100 лотов
2025-07-08 10:59:42,595 [BMW] INFO: Сохранено 2300 лотов → JSONs/BMW_lots.json
2025-07-08 10:59:47,266 [BMW] INFO: Запрос страницы 24/72
2025-07-08 10:59:50,342 [BMW] INFO: Страница 24: найдено 100 лотов
2025-07-08 10:59:50,382 [BMW] INFO: Сохранено 2400 лотов → JSONs/BMW_lots.json
2025-07-08 10:59:53,218 [BMW] INFO: Запрос страницы 25/72
2025-07-08 10:59:54,703 [BMW] INFO: Страница 25: найдено 100 лотов
2025-07-08 10:59:54,741 [BMW] INFO: Сохранено 2500 лотов → JSONs/BMW_lots.json
2025-07-08 10:59:57,203 [BMW] INFO: Запрос страницы 26/72
2025-07-08 10:59:58,639 [BMW] INFO: Страница 26: найдено 100 лотов
2025-07-08 10:59:58,678 [BMW] INFO: Сохранено 2600 лотов → JSONs/BMW_lots.json
2025-07-08 11:00:02,212 [BMW] INFO: Запрос страницы 27/72
2025-07-08 11:00:03,669 [BMW] INFO: Страница 27: найдено 100 лотов
2025-07-08 11:00:03,710 [BMW] INFO: Сохранено 2700 лотов → JSONs/BMW_lots.json
2025-07-08 11:00:05,768 [BMW] INFO: Запрос страницы 28/72
2025-07-08 11:00:07,078 [BMW] INFO: Страница 28: найдено 100 лотов
2025-07-08 11:00:07,120 [BMW] INFO: Сохранено 2800 лотов → JSONs/BMW_lots.json
2025-07-08 11:00:09,185 [BMW] INFO: Запрос страницы 29/72
2025-07-08 11:00:10,476 [BMW] INFO: Страница 29: найдено 100 лотов
2025-07-08 11:00:10,521 [BMW] INFO: Сохранено 2900 лотов → JSONs/BMW_lots.json
2025-07-08 11:00:15,253 [BMW] INFO: Запрос страницы 30/72
2025-07-08 11:00:17,945 [BMW] INFO: Страница 30: найдено 100 лотов
2025-07-08 11:00:17,993 [BMW] INFO: Сохранено 3000 лотов → JSONs/BMW_lots.json
2025-07-08 11:00:21,568 [BMW] INFO: Запрос страницы 31/72
2025-07-08 11:00:23,006 [BMW] INFO: Страница 31: найдено 100 лотов
2025-07-08 11:00:23,058 [BMW] INFO: Сохранено 3100 лотов → JSONs/BMW_lots.json
2025-07-08 11:00:27,175 [BMW] INFO: Запрос страницы 32/72
2025-07-08 11:00:28,490 [BMW] INFO: Страница 32: найдено 100 лотов
2025-07-08 11:00:28,539 [BMW] INFO: Сохранено 3200 лотов → JSONs/BMW_lots.json
2025-07-08 11:00:33,003 [BMW] INFO: Запрос страницы 33/72
2025-07-08 11:00:35,683 [BMW] INFO: Страница 33: найдено 100 лотов
2025-07-08 11:00:35,733 [BMW] INFO: Сохранено 3300 лотов → JSONs/BMW_lots.json
2025-07-08 11:00:37,960 [BMW] INFO: Запрос страницы 34/72
2025-07-08 11:00:39,413 [BMW] INFO: Страница 34: найдено 100 лотов
2025-07-08 11:00:39,464 [BMW] INFO: Сохранено 3400 лотов → JSONs/BMW_lots.json
2025-07-08 11:00:41,625 [BMW] INFO: Запрос страницы 35/72
2025-07-08 11:00:42,928 [BMW] INFO: Страница 35: найдено 100 лотов
2025-07-08 11:00:42,983 [BMW] INFO: Сохранено 3500 лотов → JSONs/BMW_lots.json
2025-07-08 11:00:47,629 [BMW] INFO: Запрос страницы 36/72
2025-07-08 11:00:50,423 [BMW] INFO: Страница 36: найдено 100 лотов
2025-07-08 11:00:50,478 [BMW] INFO: Сохранено 3600 лотов → JSONs/BMW_lots.json
2025-07-08 11:00:54,125 [BMW] INFO: Запрос страницы 37/72
2025-07-08 11:00:55,556 [BMW] INFO: Страница 37: найдено 100 лотов
2025-07-08 11:00:55,612 [BMW] INFO: Сохранено 3700 лотов → JSONs/BMW_lots.json
2025-07-08 11:00:58,706 [BMW] INFO: Запрос страницы 38/72
2025-07-08 11:01:00,004 [BMW] INFO: Страница 38: найдено 100 лотов
2025-07-08 11:01:00,072 [BMW] INFO: Сохранено 3800 лотов → JSONs/BMW_lots.json
2025-07-08 11:01:02,375 [BMW] INFO: Запрос страницы 39/72
2025-07-08 11:01:03,688 [BMW] INFO: Страница 39: найдено 100 лотов
2025-07-08 11:01:03,746 [BMW] INFO: Сохранено 3900 лотов → JSONs/BMW_lots.json
2025-07-08 11:01:08,490 [BMW] INFO: Запрос страницы 40/72
2025-07-08 11:01:11,177 [BMW] INFO: Страница 40: найдено 100 лотов
2025-07-08 11:01:11,236 [BMW] INFO: Сохранено 4000 лотов → JSONs/BMW_lots.json
2025-07-08 11:01:14,187 [BMW] INFO: Запрос страницы 41/72
2025-07-08 11:01:15,619 [BMW] INFO: Страница 41: найдено 100 лотов
2025-07-08 11:01:15,680 [BMW] INFO: Сохранено 4100 лотов → JSONs/BMW_lots.json
2025-07-08 11:01:19,914 [BMW] INFO: Запрос страницы 42/72
2025-07-08 11:01:22,534 [BMW] INFO: Страница 42: найдено 100 лотов
2025-07-08 11:01:22,597 [BMW] INFO: Сохранено 4200 лотов → JSONs/BMW_lots.json
2025-07-08 11:01:26,744 [BMW] INFO: Запрос страницы 43/72
2025-07-08 11:01:28,089 [BMW] INFO: Страница 43: найдено 100 лотов
2025-07-08 11:01:28,154 [BMW] INFO: Сохранено 4300 лотов → JSONs/BMW_lots.json
2025-07-08 11:01:31,966 [BMW] INFO: Запрос страницы 44/72
2025-07-08 11:01:33,478 [BMW] INFO: Страница 44: найдено 100 лотов
2025-07-08 11:01:33,545 [BMW] INFO: Сохранено 4400 лотов → JSONs/BMW_lots.json
2025-07-08 11:01:38,044 [BMW] INFO: Запрос страницы 45/72
2025-07-08 11:01:40,686 [BMW] INFO: Страница 45: найдено 100 лотов
2025-07-08 11:01:40,753 [BMW] INFO: Сохранено 4500 лотов → JSONs/BMW_lots.json
2025-07-08 11:01:43,524 [BMW] INFO: Запрос страницы 46/72
2025-07-08 11:01:45,007 [BMW] INFO: Страница 46: найдено 100 лотов
2025-07-08 11:01:45,097 [BMW] INFO: Сохранено 4600 лотов → JSONs/BMW_lots.json
2025-07-08 11:01:49,714 [BMW] INFO: Запрос страницы 47/72
2025-07-08 11:01:52,437 [BMW] INFO: Страница 47: найдено 100 лотов
2025-07-08 11:01:52,509 [BMW] INFO: Сохранено 4700 лотов → JSONs/BMW_lots.json
2025-07-08 11:01:55,809 [BMW] INFO: Запрос страницы 48/72
2025-07-08 11:01:57,336 [BMW] INFO: Страница 48: найдено 100 лотов
2025-07-08 11:01:57,412 [BMW] INFO: Сохранено 4800 лотов → JSONs/BMW_lots.json
2025-07-08 11:02:00,089 [BMW] INFO: Запрос страницы 49/72
2025-07-08 11:02:01,456 [BMW] INFO: Страница 49: найдено 100 лотов
2025-07-08 11:02:01,532 [BMW] INFO: Сохранено 4900 лотов → JSONs/BMW_lots.json
2025-07-08 11:02:05,135 [BMW] INFO: Запрос страницы 50/72
2025-07-08 11:02:06,840 [BMW] INFO: Страница 50: найдено 100 лотов
2025-07-08 11:02:06,929 [BMW] INFO: Сохранено 5000 лотов → JSONs/BMW_lots.json
2025-07-08 11:02:09,480 [BMW] INFO: Запрос страницы 51/72
2025-07-08 11:02:10,857 [BMW] INFO: Страница 51: найдено 100 лотов
2025-07-08 11:02:10,933 [BMW] INFO: Сохранено 5100 лотов → JSONs/BMW_lots.json
2025-07-08 11:02:14,882 [BMW] INFO: Запрос страницы 52/72
2025-07-08 11:02:16,279 [BMW] INFO: Страница 52: найдено 100 лотов
2025-07-08 11:02:16,357 [BMW] INFO: Сохранено 5200 лотов → JSONs/BMW_lots.json
2025-07-08 11:02:18,448 [BMW] INFO: Запрос страницы 53/72
2025-07-08 11:02:19,790 [BMW] INFO: Страница 53: найдено 100 лотов
2025-07-08 11:02:19,873 [BMW] INFO: Сохранено 5300 лотов → JSONs/BMW_lots.json
2025-07-08 11:02:22,964 [BMW] INFO: Запрос страницы 54/72
2025-07-08 11:02:24,363 [BMW] INFO: Страница 54: найдено 100 лотов
2025-07-08 11:02:24,443 [BMW] INFO: Сохранено 5400 лотов → JSONs/BMW_lots.json
2025-07-08 11:02:28,699 [BMW] INFO: Запрос страницы 55/72
2025-07-08 11:02:31,427 [BMW] INFO: Страница 55: найдено 100 лотов
2025-07-08 11:02:31,510 [BMW] INFO: Сохранено 5500 лотов → JSONs/BMW_lots.json
2025-07-08 11:02:34,262 [BMW] INFO: Запрос страницы 56/72
2025-07-08 11:02:35,851 [BMW] INFO: Страница 56: найдено 100 лотов
2025-07-08 11:02:35,946 [BMW] INFO: Сохранено 5600 лотов → JSONs/BMW_lots.json
2025-07-08 11:02:40,212 [BMW] INFO: Запрос страницы 57/72
2025-07-08 11:02:42,983 [BMW] INFO: Страница 57: найдено 100 лотов
2025-07-08 11:02:43,070 [BMW] INFO: Сохранено 5700 лотов → JSONs/BMW_lots.json
2025-07-08 11:02:46,454 [BMW] INFO: Запрос страницы 58/72
2025-07-08 11:02:47,874 [BMW] INFO: Страница 58: найдено 100 лотов
2025-07-08 11:02:47,962 [BMW] INFO: Сохранено 5800 лотов → JSONs/BMW_lots.json
2025-07-08 11:02:52,077 [BMW] INFO: Запрос страницы 59/72
2025-07-08 11:02:53,448 [BMW] INFO: Страница 59: найдено 100 лотов
2025-07-08 11:02:53,536 [BMW] INFO: Сохранено 5900 лотов → JSONs/BMW_lots.json
2025-07-08 11:02:56,367 [BMW] INFO: Запрос страницы 60/72
2025-07-08 11:02:57,734 [BMW] INFO: Страница 60: найдено 100 лотов
2025-07-08 11:02:57,825 [BMW] INFO: Сохранено 6000 лотов → JSONs/BMW_lots.json
2025-07-08 11:03:02,354 [BMW] INFO: Запрос страницы 61/72
2025-07-08 11:03:05,246 [BMW] INFO: Страница 61: найдено 100 лотов
2025-07-08 11:03:05,343 [BMW] INFO: Сохранено 6100 лотов → JSONs/BMW_lots.json
2025-07-08 11:03:08,395 [BMW] INFO: Запрос страницы 62/72
2025-07-08 11:03:09,803 [BMW] INFO: Страница 62: найдено 100 лотов
2025-07-08 11:03:09,896 [BMW] INFO: Сохранено 6200 лотов → JSONs/BMW_lots.json
2025-07-08 11:03:11,984 [BMW] INFO: Запрос страницы 63/72
2025-07-08 11:03:13,342 [BMW] INFO: Страница 63: найдено 100 лотов
2025-07-08 11:03:13,438 [BMW] INFO: Сохранено 6300 лотов → JSONs/BMW_lots.json
2025-07-08 11:03:18,393 [BMW] INFO: Запрос страницы 64/72
2025-07-08 11:03:21,033 [BMW] INFO: Страница 64: найдено 100 лотов
2025-07-08 11:03:21,179 [BMW] INFO: Сохранено 6400 лотов → JSONs/BMW_lots.json
2025-07-08 11:03:24,195 [BMW] INFO: Запрос страницы 65/72
2025-07-08 11:03:25,799 [BMW] INFO: Страница 65: найдено 100 лотов
2025-07-08 11:03:25,896 [BMW] INFO: Сохранено 6500 лотов → JSONs/BMW_lots.json
2025-07-08 11:03:29,829 [BMW] INFO: Запрос страницы 66/72
2025-07-08 11:03:31,310 [BMW] INFO: Страница 66: найдено 100 лотов
2025-07-08 11:03:31,408 [BMW] INFO: Сохранено 6600 лотов → JSONs/BMW_lots.json
2025-07-08 11:03:35,168 [BMW] INFO: Запрос страницы 67/72
2025-07-08 11:03:36,723 [BMW] INFO: Страница 67: найдено 100 лотов
2025-07-08 11:03:36,826 [BMW] INFO: Сохранено 6700 лотов → JSONs/BMW_lots.json
2025-07-08 11:03:41,411 [BMW] INFO: Запрос страницы 68/72
2025-07-08 11:03:44,292 [BMW] INFO: Страница 68: найдено 100 лотов
2025-07-08 11:03:44,394 [BMW] INFO: Сохранено 6800 лотов → JSONs/BMW_lots.json
2025-07-08 11:03:47,185 [BMW] INFO: Запрос страницы 69/72
2025-07-08 11:03:48,827 [BMW] INFO: Страница 69: найдено 100 лотов
2025-07-08 11:03:48,933 [BMW] INFO: Сохранено 6900 лотов → JSONs/BMW_lots.json
2025-07-08 11:03:52,690 [BMW] INFO: Запрос страницы 70/72
2025-07-08 11:03:54,095 [BMW] INFO: Страница 70: найдено 100 лотов
2025-07-08 11:03:54,205 [BMW] INFO: Сохранено 7000 лотов → JSONs/BMW_lots.json
2025-07-08 11:03:58,847 [BMW] INFO: Запрос страницы 71/72
2025-07-08 11:04:01,404 [BMW] INFO: Страница 71: найдено 100 лотов
2025-07-08 11:04:01,512 [BMW] INFO: Сохранено 7100 лотов → JSONs/BMW_lots.json
2025-07-08 11:04:05,713 [BMW] INFO: Запрос страницы 72/72
2025-07-08 11:04:06,563 [BMW] INFO: Страница 72: найдено 20 лотов
2025-07-08 11:04:06,672 [BMW] INFO: Сохранено 7120 лотов → JSONs/BMW_lots.json
2025-07-08 11:04:10,202 [BMW] INFO: 🎉 Все страницы (72) обработаны.
2025-07-08 11:04:10,753 [BMW] INFO: Process BMW pid=53237 exited with code=0
