2025-07-07 12:38:50,322 [Mercedes] INFO: Started process pid=39679
2025-07-07 12:39:18,258 [Mercedes] INFO: Динамическое число страниц: 69
2025-07-07 12:39:18,380 [Mercedes] INFO: Запрос страницы 1/69
2025-07-07 12:39:20,326 [Mercedes] INFO: Страница 1: найдено 100 лотов
2025-07-07 12:39:20,328 [Mercedes] INFO: Сохранено 100 лотов → JSONs/Mercedes_lots.json
2025-07-07 12:39:23,334 [Mercedes] INFO: Запрос страницы 2/69
2025-07-07 12:39:24,297 [Mercedes] INFO: Страница 2: найдено 100 лотов
2025-07-07 12:39:24,299 [Mercedes] INFO: Сохранено 200 лотов → JSONs/Mercedes_lots.json
2025-07-07 12:39:28,770 [Mercedes] INFO: Запрос страницы 3/69
2025-07-07 12:39:29,814 [Mercedes] INFO: Страница 3: найдено 100 лотов
2025-07-07 12:39:29,817 [Mercedes] INFO: Сохранено 300 лотов → JSONs/Mercedes_lots.json
2025-07-07 12:39:33,873 [Mercedes] INFO: Запрос страницы 4/69
2025-07-07 12:39:35,243 [Mercedes] INFO: Страница 4: найдено 100 лотов
2025-07-07 12:39:35,247 [Mercedes] INFO: Сохранено 400 лотов → JSONs/Mercedes_lots.json
2025-07-07 12:39:37,457 [Mercedes] INFO: Запрос страницы 5/69
2025-07-07 12:39:38,873 [Mercedes] INFO: Страница 5: найдено 100 лотов
2025-07-07 12:39:38,878 [Mercedes] INFO: Сохранено 500 лотов → JSONs/Mercedes_lots.json
2025-07-07 12:39:43,383 [Mercedes] INFO: Запрос страницы 6/69
2025-07-07 12:39:44,252 [Mercedes] INFO: Страница 6: найдено 100 лотов
2025-07-07 12:39:44,259 [Mercedes] INFO: Сохранено 600 лотов → JSONs/Mercedes_lots.json
2025-07-07 12:39:47,265 [Mercedes] INFO: Запрос страницы 7/69
2025-07-07 12:39:48,278 [Mercedes] INFO: Страница 7: найдено 100 лотов
2025-07-07 12:39:48,284 [Mercedes] INFO: Сохранено 700 лотов → JSONs/Mercedes_lots.json
2025-07-07 12:39:51,206 [Mercedes] INFO: Запрос страницы 8/69
2025-07-07 12:39:52,158 [Mercedes] INFO: Страница 8: найдено 100 лотов
2025-07-07 12:39:52,165 [Mercedes] INFO: Сохранено 800 лотов → JSONs/Mercedes_lots.json
2025-07-07 12:39:56,431 [Mercedes] INFO: Запрос страницы 9/69
2025-07-07 12:39:57,489 [Mercedes] INFO: Страница 9: найдено 100 лотов
2025-07-07 12:39:57,497 [Mercedes] INFO: Сохранено 900 лотов → JSONs/Mercedes_lots.json
2025-07-07 12:40:02,007 [Mercedes] INFO: Запрос страницы 10/69
2025-07-07 12:40:03,101 [Mercedes] INFO: Страница 10: найдено 100 лотов
2025-07-07 12:40:03,112 [Mercedes] INFO: Сохранено 1000 лотов → JSONs/Mercedes_lots.json
2025-07-07 12:40:05,799 [Mercedes] INFO: Запрос страницы 11/69
2025-07-07 12:40:06,777 [Mercedes] INFO: Страница 11: найдено 100 лотов
2025-07-07 12:40:06,788 [Mercedes] INFO: Сохранено 1100 лотов → JSONs/Mercedes_lots.json
2025-07-07 12:40:10,022 [Mercedes] INFO: Запрос страницы 12/69
2025-07-07 12:40:10,960 [Mercedes] INFO: Страница 12: найдено 100 лотов
2025-07-07 12:40:10,971 [Mercedes] INFO: Сохранено 1200 лотов → JSONs/Mercedes_lots.json
2025-07-07 12:40:15,362 [Mercedes] INFO: Запрос страницы 13/69
2025-07-07 12:40:16,322 [Mercedes] INFO: Страница 13: найдено 100 лотов
2025-07-07 12:40:16,333 [Mercedes] INFO: Сохранено 1300 лотов → JSONs/Mercedes_lots.json
2025-07-07 12:40:19,004 [Mercedes] INFO: Запрос страницы 14/69
2025-07-07 12:40:20,034 [Mercedes] INFO: Страница 14: найдено 100 лотов
2025-07-07 12:40:20,047 [Mercedes] INFO: Сохранено 1400 лотов → JSONs/Mercedes_lots.json
2025-07-07 12:40:23,223 [Mercedes] INFO: Запрос страницы 15/69
2025-07-07 12:40:24,120 [Mercedes] INFO: Страница 15: найдено 100 лотов
2025-07-07 12:40:24,133 [Mercedes] INFO: Сохранено 1500 лотов → JSONs/Mercedes_lots.json
2025-07-07 12:40:26,311 [Mercedes] INFO: Запрос страницы 16/69
2025-07-07 12:40:27,432 [Mercedes] INFO: Страница 16: найдено 100 лотов
2025-07-07 12:40:27,446 [Mercedes] INFO: Сохранено 1600 лотов → JSONs/Mercedes_lots.json
2025-07-07 12:40:31,340 [Mercedes] INFO: Запрос страницы 17/69
2025-07-07 12:40:32,349 [Mercedes] INFO: Страница 17: найдено 100 лотов
2025-07-07 12:40:32,366 [Mercedes] INFO: Сохранено 1700 лотов → JSONs/Mercedes_lots.json
2025-07-07 12:40:34,524 [Mercedes] INFO: Запрос страницы 18/69
2025-07-07 12:40:35,434 [Mercedes] INFO: Страница 18: найдено 100 лотов
2025-07-07 12:40:35,451 [Mercedes] INFO: Сохранено 1800 лотов → JSONs/Mercedes_lots.json
2025-07-07 12:40:39,555 [Mercedes] INFO: Запрос страницы 19/69
2025-07-07 12:40:40,513 [Mercedes] INFO: Страница 19: найдено 100 лотов
2025-07-07 12:40:40,530 [Mercedes] INFO: Сохранено 1900 лотов → JSONs/Mercedes_lots.json
2025-07-07 12:40:44,444 [Mercedes] INFO: Запрос страницы 20/69
2025-07-07 12:40:45,298 [Mercedes] INFO: Страница 20: найдено 100 лотов
2025-07-07 12:40:45,317 [Mercedes] INFO: Сохранено 2000 лотов → JSONs/Mercedes_lots.json
2025-07-07 12:40:47,346 [Mercedes] INFO: Запрос страницы 21/69
2025-07-07 12:40:48,294 [Mercedes] INFO: Страница 21: найдено 100 лотов
2025-07-07 12:40:48,313 [Mercedes] INFO: Сохранено 2100 лотов → JSONs/Mercedes_lots.json
2025-07-07 12:40:50,386 [Mercedes] INFO: Запрос страницы 22/69
2025-07-07 12:40:51,321 [Mercedes] INFO: Страница 22: найдено 100 лотов
2025-07-07 12:40:51,341 [Mercedes] INFO: Сохранено 2200 лотов → JSONs/Mercedes_lots.json
2025-07-07 12:40:55,077 [Mercedes] INFO: Запрос страницы 23/69
2025-07-07 12:40:56,004 [Mercedes] INFO: Страница 23: найдено 100 лотов
2025-07-07 12:40:56,024 [Mercedes] INFO: Сохранено 2300 лотов → JSONs/Mercedes_lots.json
2025-07-07 12:40:59,594 [Mercedes] INFO: Запрос страницы 24/69
2025-07-07 12:41:00,513 [Mercedes] INFO: Страница 24: найдено 100 лотов
2025-07-07 12:41:00,534 [Mercedes] INFO: Сохранено 2400 лотов → JSONs/Mercedes_lots.json
2025-07-07 12:41:04,535 [Mercedes] INFO: Запрос страницы 25/69
2025-07-07 12:41:05,494 [Mercedes] INFO: Страница 25: найдено 100 лотов
2025-07-07 12:41:05,516 [Mercedes] INFO: Сохранено 2500 лотов → JSONs/Mercedes_lots.json
2025-07-07 12:41:10,404 [Mercedes] INFO: Запрос страницы 26/69
2025-07-07 12:41:12,398 [Mercedes] INFO: Страница 26: найдено 100 лотов
2025-07-07 12:41:12,420 [Mercedes] INFO: Сохранено 2600 лотов → JSONs/Mercedes_lots.json
2025-07-07 12:41:16,756 [Mercedes] INFO: Запрос страницы 27/69
2025-07-07 12:41:17,711 [Mercedes] INFO: Страница 27: найдено 100 лотов
2025-07-07 12:41:17,735 [Mercedes] INFO: Сохранено 2700 лотов → JSONs/Mercedes_lots.json
2025-07-07 12:41:22,735 [Mercedes] INFO: Запрос страницы 28/69
2025-07-07 12:41:24,626 [Mercedes] INFO: Страница 28: найдено 100 лотов
2025-07-07 12:41:24,650 [Mercedes] INFO: Сохранено 2800 лотов → JSONs/Mercedes_lots.json
2025-07-07 12:41:28,226 [Mercedes] INFO: Запрос страницы 29/69
2025-07-07 12:41:29,183 [Mercedes] INFO: Страница 29: найдено 100 лотов
2025-07-07 12:41:29,208 [Mercedes] INFO: Сохранено 2900 лотов → JSONs/Mercedes_lots.json
2025-07-07 12:41:33,823 [Mercedes] INFO: Запрос страницы 30/69
2025-07-07 12:41:34,684 [Mercedes] INFO: Страница 30: найдено 100 лотов
2025-07-07 12:41:34,710 [Mercedes] INFO: Сохранено 3000 лотов → JSONs/Mercedes_lots.json
2025-07-07 12:41:36,786 [Mercedes] INFO: Запрос страницы 31/69
2025-07-07 12:41:37,685 [Mercedes] INFO: Страница 31: найдено 100 лотов
2025-07-07 12:41:37,712 [Mercedes] INFO: Сохранено 3100 лотов → JSONs/Mercedes_lots.json
2025-07-07 12:41:41,519 [Mercedes] INFO: Запрос страницы 32/69
2025-07-07 12:41:42,387 [Mercedes] INFO: Страница 32: найдено 100 лотов
2025-07-07 12:41:42,415 [Mercedes] INFO: Сохранено 3200 лотов → JSONs/Mercedes_lots.json
2025-07-07 12:41:46,039 [Mercedes] INFO: Запрос страницы 33/69
2025-07-07 12:41:47,023 [Mercedes] INFO: Страница 33: найдено 100 лотов
2025-07-07 12:41:47,053 [Mercedes] INFO: Сохранено 3300 лотов → JSONs/Mercedes_lots.json
2025-07-07 12:41:51,550 [Mercedes] INFO: Запрос страницы 34/69
2025-07-07 12:41:52,937 [Mercedes] INFO: Страница 34: найдено 100 лотов
2025-07-07 12:41:52,967 [Mercedes] INFO: Сохранено 3400 лотов → JSONs/Mercedes_lots.json
2025-07-07 12:41:55,735 [Mercedes] INFO: Запрос страницы 35/69
2025-07-07 12:41:56,626 [Mercedes] INFO: Страница 35: найдено 100 лотов
2025-07-07 12:41:56,657 [Mercedes] INFO: Сохранено 3500 лотов → JSONs/Mercedes_lots.json
2025-07-07 12:41:59,884 [Mercedes] INFO: Запрос страницы 36/69
2025-07-07 12:42:00,902 [Mercedes] INFO: Страница 36: найдено 100 лотов
2025-07-07 12:42:00,934 [Mercedes] INFO: Сохранено 3600 лотов → JSONs/Mercedes_lots.json
2025-07-07 12:42:03,013 [Mercedes] INFO: Запрос страницы 37/69
2025-07-07 12:42:03,888 [Mercedes] INFO: Страница 37: найдено 100 лотов
2025-07-07 12:42:03,920 [Mercedes] INFO: Сохранено 3700 лотов → JSONs/Mercedes_lots.json
2025-07-07 12:42:08,509 [Mercedes] INFO: Запрос страницы 38/69
2025-07-07 12:42:09,380 [Mercedes] INFO: Страница 38: найдено 100 лотов
2025-07-07 12:42:09,414 [Mercedes] INFO: Сохранено 3800 лотов → JSONs/Mercedes_lots.json
2025-07-07 12:42:11,814 [Mercedes] INFO: Запрос страницы 39/69
2025-07-07 12:42:12,777 [Mercedes] INFO: Страница 39: найдено 100 лотов
2025-07-07 12:42:12,810 [Mercedes] INFO: Сохранено 3900 лотов → JSONs/Mercedes_lots.json
2025-07-07 12:42:15,665 [Mercedes] INFO: Запрос страницы 40/69
2025-07-07 12:42:16,580 [Mercedes] INFO: Страница 40: найдено 100 лотов
2025-07-07 12:42:16,616 [Mercedes] INFO: Сохранено 4000 лотов → JSONs/Mercedes_lots.json
2025-07-07 12:42:19,149 [Mercedes] INFO: Запрос страницы 41/69
2025-07-07 12:42:20,080 [Mercedes] INFO: Страница 41: найдено 100 лотов
2025-07-07 12:42:20,117 [Mercedes] INFO: Сохранено 4100 лотов → JSONs/Mercedes_lots.json
2025-07-07 12:42:24,358 [Mercedes] INFO: Запрос страницы 42/69
2025-07-07 12:42:25,328 [Mercedes] INFO: Страница 42: найдено 100 лотов
2025-07-07 12:42:25,365 [Mercedes] INFO: Сохранено 4200 лотов → JSONs/Mercedes_lots.json
2025-07-07 12:42:29,989 [Mercedes] INFO: Запрос страницы 43/69
2025-07-07 12:42:30,885 [Mercedes] INFO: Страница 43: найдено 100 лотов
2025-07-07 12:42:30,924 [Mercedes] INFO: Сохранено 4300 лотов → JSONs/Mercedes_lots.json
2025-07-07 12:42:33,142 [Mercedes] INFO: Запрос страницы 44/69
2025-07-07 12:42:34,006 [Mercedes] INFO: Страница 44: найдено 100 лотов
2025-07-07 12:42:34,045 [Mercedes] INFO: Сохранено 4400 лотов → JSONs/Mercedes_lots.json
2025-07-07 12:42:38,186 [Mercedes] INFO: Запрос страницы 45/69
2025-07-07 12:42:39,146 [Mercedes] INFO: Страница 45: найдено 100 лотов
2025-07-07 12:42:39,185 [Mercedes] INFO: Сохранено 4500 лотов → JSONs/Mercedes_lots.json
2025-07-07 12:42:42,853 [Mercedes] INFO: Запрос страницы 46/69
2025-07-07 12:42:43,708 [Mercedes] INFO: Страница 46: найдено 100 лотов
2025-07-07 12:42:43,747 [Mercedes] INFO: Сохранено 4600 лотов → JSONs/Mercedes_lots.json
2025-07-07 12:42:48,527 [Mercedes] INFO: Запрос страницы 47/69
2025-07-07 12:42:50,827 [Mercedes] INFO: Страница 47: найдено 100 лотов
2025-07-07 12:42:50,870 [Mercedes] INFO: Сохранено 4700 лотов → JSONs/Mercedes_lots.json
2025-07-07 12:42:53,004 [Mercedes] INFO: Запрос страницы 48/69
2025-07-07 12:42:54,000 [Mercedes] INFO: Страница 48: найдено 100 лотов
2025-07-07 12:42:54,043 [Mercedes] INFO: Сохранено 4800 лотов → JSONs/Mercedes_lots.json
2025-07-07 12:42:56,440 [Mercedes] INFO: Запрос страницы 49/69
2025-07-07 12:42:57,459 [Mercedes] INFO: Страница 49: найдено 100 лотов
2025-07-07 12:42:57,502 [Mercedes] INFO: Сохранено 4900 лотов → JSONs/Mercedes_lots.json
2025-07-07 12:42:59,579 [Mercedes] INFO: Запрос страницы 50/69
2025-07-07 12:43:00,520 [Mercedes] INFO: Страница 50: найдено 100 лотов
2025-07-07 12:43:00,563 [Mercedes] INFO: Сохранено 5000 лотов → JSONs/Mercedes_lots.json
2025-07-07 12:43:02,726 [Mercedes] INFO: Запрос страницы 51/69
2025-07-07 12:43:04,037 [Mercedes] INFO: Страница 51: найдено 100 лотов
2025-07-07 12:43:04,081 [Mercedes] INFO: Сохранено 5100 лотов → JSONs/Mercedes_lots.json
2025-07-07 12:43:08,724 [Mercedes] INFO: Запрос страницы 52/69
2025-07-07 12:43:09,664 [Mercedes] INFO: Страница 52: найдено 100 лотов
2025-07-07 12:43:09,708 [Mercedes] INFO: Сохранено 5200 лотов → JSONs/Mercedes_lots.json
2025-07-07 12:43:14,523 [Mercedes] INFO: Запрос страницы 53/69
2025-07-07 12:43:16,588 [Mercedes] INFO: Страница 53: найдено 100 лотов
2025-07-07 12:43:16,685 [Mercedes] INFO: Сохранено 5300 лотов → JSONs/Mercedes_lots.json
2025-07-07 12:43:20,219 [Mercedes] INFO: Запрос страницы 54/69
2025-07-07 12:43:21,295 [Mercedes] INFO: Страница 54: найдено 100 лотов
2025-07-07 12:43:21,342 [Mercedes] INFO: Сохранено 5400 лотов → JSONs/Mercedes_lots.json
2025-07-07 12:43:25,710 [Mercedes] INFO: Запрос страницы 55/69
2025-07-07 12:43:26,631 [Mercedes] INFO: Страница 55: найдено 100 лотов
2025-07-07 12:43:26,679 [Mercedes] INFO: Сохранено 5500 лотов → JSONs/Mercedes_lots.json
2025-07-07 12:43:31,517 [Mercedes] INFO: Запрос страницы 56/69
2025-07-07 12:43:33,551 [Mercedes] INFO: Страница 56: найдено 100 лотов
2025-07-07 12:43:33,600 [Mercedes] INFO: Сохранено 5600 лотов → JSONs/Mercedes_lots.json
2025-07-07 12:43:36,837 [Mercedes] INFO: Запрос страницы 57/69
2025-07-07 12:43:37,776 [Mercedes] INFO: Страница 57: найдено 100 лотов
2025-07-07 12:43:37,828 [Mercedes] INFO: Сохранено 5700 лотов → JSONs/Mercedes_lots.json
2025-07-07 12:43:42,659 [Mercedes] INFO: Запрос страницы 58/69
2025-07-07 12:43:44,691 [Mercedes] INFO: Страница 58: найдено 100 лотов
2025-07-07 12:43:44,744 [Mercedes] INFO: Сохранено 5800 лотов → JSONs/Mercedes_lots.json
2025-07-07 12:43:48,159 [Mercedes] INFO: Запрос страницы 59/69
2025-07-07 12:43:49,181 [Mercedes] INFO: Страница 59: найдено 100 лотов
2025-07-07 12:43:49,235 [Mercedes] INFO: Сохранено 5900 лотов → JSONs/Mercedes_lots.json
2025-07-07 12:43:54,111 [Mercedes] INFO: Запрос страницы 60/69
2025-07-07 12:43:56,131 [Mercedes] INFO: Страница 60: найдено 100 лотов
2025-07-07 12:43:56,189 [Mercedes] INFO: Сохранено 6000 лотов → JSONs/Mercedes_lots.json
2025-07-07 12:43:59,131 [Mercedes] INFO: Запрос страницы 61/69
2025-07-07 12:44:00,386 [Mercedes] INFO: Страница 61: найдено 100 лотов
2025-07-07 12:44:00,441 [Mercedes] INFO: Сохранено 6100 лотов → JSONs/Mercedes_lots.json
2025-07-07 12:44:03,415 [Mercedes] INFO: Запрос страницы 62/69
2025-07-07 12:44:04,512 [Mercedes] INFO: Страница 62: найдено 100 лотов
2025-07-07 12:44:04,566 [Mercedes] INFO: Сохранено 6200 лотов → JSONs/Mercedes_lots.json
2025-07-07 12:44:08,675 [Mercedes] INFO: Запрос страницы 63/69
2025-07-07 12:44:09,632 [Mercedes] INFO: Страница 63: найдено 100 лотов
2025-07-07 12:44:09,690 [Mercedes] INFO: Сохранено 6300 лотов → JSONs/Mercedes_lots.json
2025-07-07 12:44:13,283 [Mercedes] INFO: Запрос страницы 64/69
2025-07-07 12:44:14,236 [Mercedes] INFO: Страница 64: найдено 100 лотов
2025-07-07 12:44:14,291 [Mercedes] INFO: Сохранено 6400 лотов → JSONs/Mercedes_lots.json
2025-07-07 12:44:17,203 [Mercedes] INFO: Запрос страницы 65/69
2025-07-07 12:44:18,077 [Mercedes] INFO: Страница 65: найдено 100 лотов
2025-07-07 12:44:18,134 [Mercedes] INFO: Сохранено 6500 лотов → JSONs/Mercedes_lots.json
2025-07-07 12:44:21,690 [Mercedes] INFO: Запрос страницы 66/69
2025-07-07 12:44:22,601 [Mercedes] INFO: Страница 66: найдено 100 лотов
2025-07-07 12:44:22,677 [Mercedes] INFO: Сохранено 6600 лотов → JSONs/Mercedes_lots.json
2025-07-07 12:44:27,212 [Mercedes] INFO: Запрос страницы 67/69
2025-07-07 12:44:28,135 [Mercedes] INFO: Страница 67: найдено 100 лотов
2025-07-07 12:44:28,201 [Mercedes] INFO: Сохранено 6700 лотов → JSONs/Mercedes_lots.json
2025-07-07 12:44:30,445 [Mercedes] INFO: Запрос страницы 68/69
2025-07-07 12:44:31,363 [Mercedes] INFO: Страница 68: найдено 100 лотов
2025-07-07 12:44:31,423 [Mercedes] INFO: Сохранено 6800 лотов → JSONs/Mercedes_lots.json
2025-07-07 12:44:34,355 [Mercedes] INFO: Запрос страницы 69/69
2025-07-07 12:44:35,191 [Mercedes] INFO: Страница 69: найдено 70 лотов
2025-07-07 12:44:35,257 [Mercedes] INFO: Сохранено 6870 лотов → JSONs/Mercedes_lots.json
2025-07-07 12:44:39,181 [Mercedes] INFO: 🎉 Все страницы (69) обработаны.
2025-07-07 12:45:18,714 [Mercedes] INFO: Process Mercedes pid=39679 exited with code=0
2025-07-07 12:48:42,496 [Mercedes] INFO: Started process pid=40240
2025-07-07 12:48:42,784 [Mercedes] INFO: Найден существующий файл, старт с 69
2025-07-07 12:49:12,551 [Mercedes] INFO: Динамическое число страниц: 69
2025-07-07 12:49:12,635 [Mercedes] INFO: Запрос страницы 69/69
2025-07-07 12:49:14,618 [Mercedes] INFO: Страница 69: найдено 70 лотов
2025-07-07 12:49:14,678 [Mercedes] INFO: Сохранено 6940 лотов → JSONs/Mercedes_lots.json
2025-07-07 12:49:19,302 [Mercedes] INFO: 🎉 Все страницы (69) обработаны.
2025-07-07 12:49:25,106 [Mercedes] INFO: Process Mercedes pid=40240 exited with code=0
