2025-07-07 12:38:50,325 [Porsche] INFO: Started process pid=39680
2025-07-07 12:39:18,393 [Porsche] INFO: Динамическое число страниц: 7
2025-07-07 12:39:18,471 [Porsche] INFO: Запрос страницы 1/7
2025-07-07 12:39:20,621 [Porsche] INFO: Страница 1: найдено 100 лотов
2025-07-07 12:39:20,622 [Porsche] INFO: Сохранено 100 лотов → JSONs/Porsche_lots.json
2025-07-07 12:39:23,117 [Porsche] INFO: Запрос страницы 2/7
2025-07-07 12:39:24,134 [Porsche] INFO: Страница 2: найдено 100 лотов
2025-07-07 12:39:24,136 [Porsche] INFO: Сохранено 200 лотов → JSONs/Porsche_lots.json
2025-07-07 12:39:26,676 [Porsche] INFO: Запрос страницы 3/7
2025-07-07 12:39:27,641 [Porsche] INFO: Страница 3: найдено 100 лотов
2025-07-07 12:39:27,644 [Porsche] INFO: Сохранено 300 лотов → JSONs/Porsche_lots.json
2025-07-07 12:39:32,135 [Porsche] INFO: Запрос страницы 4/7
2025-07-07 12:39:33,162 [Porsche] INFO: Страница 4: найдено 100 лотов
2025-07-07 12:39:33,166 [Porsche] INFO: Сохранено 400 лотов → JSONs/Porsche_lots.json
2025-07-07 12:39:37,282 [Porsche] INFO: Запрос страницы 5/7
2025-07-07 12:39:38,450 [Porsche] INFO: Страница 5: найдено 100 лотов
2025-07-07 12:39:38,454 [Porsche] INFO: Сохранено 500 лотов → JSONs/Porsche_lots.json
2025-07-07 12:39:40,580 [Porsche] INFO: Запрос страницы 6/7
2025-07-07 12:39:41,609 [Porsche] INFO: Страница 6: найдено 100 лотов
2025-07-07 12:39:41,616 [Porsche] INFO: Сохранено 600 лотов → JSONs/Porsche_lots.json
2025-07-07 12:39:45,905 [Porsche] INFO: Запрос страницы 7/7
2025-07-07 12:39:46,818 [Porsche] INFO: Страница 7: найдено 93 лотов
2025-07-07 12:39:46,825 [Porsche] INFO: Сохранено 693 лотов → JSONs/Porsche_lots.json
2025-07-07 12:39:50,033 [Porsche] INFO: 🎉 Все страницы (7) обработаны.
2025-07-07 12:45:18,714 [Porsche] INFO: Process Porsche pid=39680 exited with code=0
2025-07-07 12:48:42,498 [Porsche] INFO: Started process pid=40241
2025-07-07 12:48:42,771 [Porsche] INFO: Найден существующий файл, старт с 7
2025-07-07 12:49:10,936 [Porsche] INFO: Динамическое число страниц: 7
2025-07-07 12:49:11,090 [Porsche] INFO: Запрос страницы 7/7
2025-07-07 12:49:12,953 [Porsche] INFO: Страница 7: найдено 93 лотов
2025-07-07 12:49:12,961 [Porsche] INFO: Сохранено 786 лотов → JSONs/Porsche_lots.json
2025-07-07 12:49:15,505 [Porsche] INFO: 🎉 Все страницы (7) обработаны.
2025-07-07 12:49:25,106 [Porsche] INFO: Process Porsche pid=40241 exited with code=0
